INFO:werkzeug:[31m[1mWARNING: This is a development server. Do not use it in a production deployment. Use a production WSGI server instead.[0m
 * Running on http://127.0.0.1:5000
INFO:werkzeug:[33mPress CTRL+C to quit[0m
INFO:werkzeug: * Restarting with stat
WARNING:werkzeug: * Debugger is active!
INFO:werkzeug: * Debugger PIN: 105-107-762
INFO:werkzeug:[31m[1mWARNING: This is a development server. Do not use it in a production deployment. Use a production WSGI server instead.[0m
 * Running on http://127.0.0.1:5000
INFO:werkzeug:[33mPress CTRL+C to quit[0m
INFO:werkzeug: * Restarting with stat
WARNING:werkzeug: * Debugger is active!
INFO:werkzeug: * Debugger PIN: 105-107-762
INFO:werkzeug:[31m[1mWARNING: This is a development server. Do not use it in a production deployment. Use a production WSGI server instead.[0m
 * Running on http://127.0.0.1:5000
INFO:werkzeug:[33mPress CTRL+C to quit[0m
INFO:werkzeug: * Restarting with stat
WARNING:werkzeug: * Debugger is active!
INFO:werkzeug: * Debugger PIN: 105-107-762
INFO:werkzeug:127.0.0.1 - - [06/Aug/2024 12:42:28] "[35m[1mGET /api/progress HTTP/1.1[0m" 500 -
INFO:werkzeug:127.0.0.1 - - [06/Aug/2024 12:43:07] "[35m[1mPOST /api/register HTTP/1.1[0m" 500 -
INFO:werkzeug: * Detected change in '/home/code_sultan/Downloads/CogniEdify/routes/auth.py', reloading
INFO:werkzeug: * Restarting with stat
WARNING:werkzeug: * Debugger is active!
INFO:werkzeug: * Debugger PIN: 105-107-762
INFO:werkzeug: * Detected change in '/home/code_sultan/Downloads/CogniEdify/routes/auth.py', reloading
INFO:werkzeug: * Restarting with stat
WARNING:werkzeug: * Debugger is active!
INFO:werkzeug: * Debugger PIN: 105-107-762
INFO:werkzeug:[31m[1mWARNING: This is a development server. Do not use it in a production deployment. Use a production WSGI server instead.[0m
 * Running on http://127.0.0.1:5000
INFO:werkzeug:[33mPress CTRL+C to quit[0m
INFO:werkzeug: * Restarting with stat
WARNING:werkzeug: * Debugger is active!
INFO:werkzeug: * Debugger PIN: 105-107-762
INFO:werkzeug:127.0.0.1 - - [06/Aug/2024 15:27:14] "[35m[1mPOST /api/register HTTP/1.1[0m" 500 -
INFO:werkzeug: * Detected change in '/home/code_sultan/Downloads/CogniEdify/routes/auth.py', reloading
INFO:werkzeug: * Restarting with stat
WARNING:werkzeug: * Debugger is active!
INFO:werkzeug: * Debugger PIN: 105-107-762
INFO:werkzeug: * Detected change in '/home/code_sultan/Downloads/CogniEdify/routes/interactions.py', reloading
INFO:werkzeug: * Restarting with stat
